<?xml version="1.0" encoding="UTF-8" standalone="no"?>
<testsuite failures="0" name="cucumber.runtime.formatter.JUnitFormatter" skipped="0" tests="2" time="0.222695">
    <testcase classname="CRM application testing" name="Login with incorrect username and password" time="0.222625">
        <system-out><![CDATA[Given This is a invalid login test..........................................passed
]]></system-out>
    </testcase>
    <testcase classname="CRM application testing" name="Create a task" time="0.00007">
        <system-out><![CDATA[Given This is a task testcase...............................................passed
]]></system-out>
    </testcase>
</testsuite>
